20240911	21:46:34	7666dbc1-f5da-4f6f-aa63-bc105606ef4e	GET	/User	http://localhost:3000
20240911	21:46:34	3ef4054d-8e3a-4925-9a9c-ef1d5fd0358c	GET	/User	http://localhost:3000
20240911	21:46:34	5d9cfbfa-6d02-4bbb-bb9e-23a424df3dda	GET	/User	http://localhost:3000
20240911	21:46:34	38d0fbf6-577e-4b40-bbf7-86fbdc29dec7	GET	/User	http://localhost:3000
20240911	21:47:03	f70054ff-a28e-4279-a172-ab8df243fe2e	GET	/User	http://localhost:3000
20240911	21:47:04	0f3f00a5-6a3f-4fd1-9c01-492d6efe6dd1	GET	/User	http://localhost:3000
20240911	21:48:15	484cf4b4-7847-4702-8bac-c1ccaf0597c8	GET	/User	http://localhost:3000
20240911	21:48:15	f1f7c3bd-0408-43ac-bad8-609c6a3587f6	GET	/User	http://localhost:3000
20240911	22:47:21	76d48333-09a3-4ba3-b071-0fa57704940e	GET	/User	http://localhost:3000
20240911	22:47:21	970dc361-9be7-414e-839e-fa1343dc1364	GET	/User	http://localhost:3000
20240911	22:47:37	fdc90df9-5657-4035-930f-ab6108185190	PUT	/User/66ad37982c1d5871b4507104	http://localhost:3000
20240911	22:47:37	4c374fc9-2358-491a-a55e-861dda7c8d6d	GET	/User	http://localhost:3000
20240911	22:47:45	4375ad1f-7791-4cb0-bd41-80261ff0223c	PUT	/User/66ad37982c1d5871b4507104	http://localhost:3000
20240911	22:47:45	26ca2bdc-fec2-4a5b-8bb7-62e9176a283c	GET	/User	http://localhost:3000
20240911	22:49:30	40f0d6d5-de6e-45d9-ace2-53370209cc0c	GET	/contacts	http://localhost:3000
20240911	22:49:30	a27c8c50-e965-45b6-9250-fdf232913135	GET	/contacts	http://localhost:3000
20240911	22:49:35	42e6e555-b004-4ae9-9566-5a8f88d1509d	GET	/User	http://localhost:3000
20240911	22:49:35	44f524bb-9ecd-4d59-9764-dc4f4f5cd83a	GET	/User	http://localhost:3000
20240911	22:52:55	6122d4fb-89af-4561-ba6f-c4f0964504cc	GET	/User	http://localhost:3000
20240911	22:52:55	2f053a0e-d149-4d6d-a98d-8ca1682f92fd	GET	/User	http://localhost:3000
20240911	22:52:58	fcc772eb-81b8-4fcc-8ac6-89ac161d3b78	GET	/User	http://localhost:3000
20240911	22:52:58	77149052-f588-46ea-96e0-d31d67cd5478	GET	/User	http://localhost:3000
20240911	22:54:24	89cf7b21-26b2-4166-afe0-fbcde9a46ded	GET	/User	http://localhost:3000
20240911	22:54:24	f3e764d4-8ecc-4408-982c-216c5a19679b	GET	/User	http://localhost:3000
20240911	22:58:03	f3b8bcd7-1e84-4f14-80fc-02274a87ba75	GET	/User	http://localhost:3000
20240911	23:00:48	45a7c3a4-a4ff-40a5-a1d3-78c86bfe02d3	PUT	/User/66b26287d2020879473bf029	http://localhost:3000
20240911	23:00:49	a4a25e14-4d51-48b2-86ec-54ece247f934	GET	/User	http://localhost:3000
20240911	23:01:32	fe0cf25f-76d0-4dae-a266-ed69c64f9205	GET	/User	http://localhost:3000
20240911	23:01:32	146520e9-d8e0-458a-bc9c-abc506b321a7	GET	/User	http://localhost:3000
20240911	23:05:11	09564dbc-776e-495f-9632-9c43696d400f	GET	/User	http://localhost:3000
20240911	23:05:12	4a522087-f3aa-4ca2-9bff-befb672976dd	GET	/User	http://localhost:3000
20240911	23:06:43	9d41a322-9e28-49dc-abf4-bf6c6700e5a0	GET	/User	http://localhost:3000
20240911	23:06:43	55e89e56-c8b8-4ba7-bec5-f40acf9ae95f	GET	/User	http://localhost:3000
20240911	23:09:40	0f23db37-d1a8-4f0e-abec-14969e748d50	GET	/User	http://localhost:3000
20240911	23:09:45	cb6e01e5-11ac-4812-a2b2-99b89d35b05a	GET	/User	http://localhost:3000
20240911	23:09:45	2efa132e-9e38-487a-9bae-40aab1d16e8b	GET	/User	http://localhost:3000
20240911	23:23:20	22987bda-cb7e-4e27-b950-22ba8c081e89	GET	/User	http://localhost:3000
20240911	23:24:59	cc0e92ea-9c4e-4507-9ba6-57732313c446	PUT	/User/66ad37982c1d5871b4507104	http://localhost:3000
20240911	23:25:00	dfbdb3a9-5c0f-4009-8200-368af5669cff	GET	/User	http://localhost:3000
20240911	23:27:23	53fd34ae-2b5a-40f9-b86b-78ad760930ee	GET	/User	http://localhost:3000
20240911	23:27:23	1d67ccd3-e297-4b30-88ec-c6f49e572e35	GET	/User	http://localhost:3000
20240911	23:34:41	4dd08c0f-94e9-42cd-abc0-b871602c9667	GET	/User	http://localhost:3000
20240911	23:34:41	f9e9e997-ed0c-4455-ba97-d4ac26d4840e	GET	/User	http://localhost:3000
20240911	23:37:25	c7f11182-f50d-4086-b5ca-9a1011b2ca6e	GET	/User	http://localhost:3000
20240911	23:37:25	e8c3c20b-6c92-4486-95c3-c464e94a44b1	GET	/User	http://localhost:3000
20240911	23:37:31	0e08b810-8aa2-453a-a163-45aa84e9e2ac	GET	/User	http://localhost:3000
20240911	23:37:31	4c60a41c-b0ae-4cdb-9eca-092e4c943d34	GET	/User	http://localhost:3000
20240911	23:37:47	22fc3f5a-8eb9-42f3-91a0-95cbcfe1285c	GET	/User	http://localhost:3000
20240911	23:37:47	42b1c84a-5687-4d13-a5a5-0cd26379b22b	GET	/User	http://localhost:3000
20240911	23:37:56	17aa3623-d04f-45bc-97c0-4f984154dfae	GET	/User	http://localhost:3000
20240911	23:37:56	73f36170-73bc-4fb1-b0c1-5a8d561c313d	GET	/User	http://localhost:3000
20240911	23:38:27	f9a00c8a-0966-4fd5-b0d9-9b0d5cb427d7	GET	/User	http://localhost:3000
20240911	23:38:28	4186a56c-1ae7-4cd9-a597-9225f4a63315	GET	/User	http://localhost:3000
20240911	23:39:14	ea64701e-79c7-4182-a113-68a83a1184eb	GET	/User	http://localhost:3000
20240911	23:39:17	0c316624-fbaf-461b-9668-e4713b8d6f36	GET	/User	http://localhost:3000
20240911	23:39:19	c10bb6f0-8e37-4cdb-9521-5cfe9578da4a	GET	/User	http://localhost:3000
20240911	23:40:17	92089c7b-c822-4f1a-b736-74b5f9b778aa	GET	/User	http://localhost:3000
20240911	23:40:21	c278a430-ce44-41e1-ab44-1119333aa545	GET	/User	http://localhost:3000
20240911	23:40:21	eb709312-0293-47c4-b15b-0b3a701379e2	GET	/User	http://localhost:3000
20240911	23:40:47	93815487-3643-4549-8baf-202ba7852dbe	GET	/User	http://localhost:3000
20240911	23:42:43	db0c809c-b381-49d7-b2fd-2597181ab176	GET	/user	http://localhost:3000
20240911	23:43:54	adb012d3-7dfe-422a-9dee-b912778ea6d6	DELETE	/user/66df07363d78e47d69009a62	http://localhost:3000
20240911	23:43:55	11f87f4b-4c8d-480d-bb52-08eef10ec198	GET	/user	http://localhost:3000
20240911	23:43:57	fa44ec9a-3d31-4004-810e-59af5665fc31	DELETE	/user/66ae5fd11f2c293bfea12939	http://localhost:3000
20240911	23:43:57	2923a17c-7593-4999-887a-b5e2fdf5c6d4	GET	/user	http://localhost:3000
20240911	23:44:00	12b41b6a-829a-4e90-9e39-0b94ce222148	DELETE	/user/66579128caf2b5989563b841	http://localhost:3000
20240911	23:44:00	4ecdc3c2-ba84-4e0f-8aad-e0c61b5e9080	GET	/user	http://localhost:3000
20240911	23:44:07	df956d17-1c5c-4c9d-a665-38c63b52b85c	DELETE	/user/66ae3f091f2c293bfea12901	http://localhost:3000
20240911	23:44:07	c8a6a21c-3e45-4f45-b848-6c26e3f64c04	GET	/user	http://localhost:3000
20240911	23:44:09	6d8889c3-1b13-4561-a79b-b00f453413d9	DELETE	/user/66df00d43d78e47d69009a4b	http://localhost:3000
20240911	23:44:10	7b02740c-40ed-482d-b5d8-e11a7f9eb199	GET	/user	http://localhost:3000
20240911	23:44:12	7e1aa2f3-ef5a-4360-b954-caf4c0bde1d1	DELETE	/user/6660652d564f58ddbf7e934f	http://localhost:3000
20240911	23:44:12	fb2944e4-8253-486a-aad8-3ab30616d368	GET	/user	http://localhost:3000
20240911	23:44:15	3dbb34a0-5a93-40be-86c2-9fd6ee29626f	DELETE	/user/66df0a3e3d78e47d69009a66	http://localhost:3000
20240911	23:44:15	95afff23-c1a1-4151-b03f-e02753355de9	GET	/user	http://localhost:3000
20240911	23:44:17	ccb1a810-1af7-4709-8f8c-4cf7c3d13ea4	DELETE	/user/66b26287d2020879473bf029	http://localhost:3000
20240911	23:44:17	94745778-ceb4-4e85-bff0-967de40923e2	GET	/user	http://localhost:3000
20240911	23:44:20	7abe5fc0-1efd-470e-a4b2-eb4b84d63571	DELETE	/user/66579194caf2b5989563b845	http://localhost:3000
20240911	23:44:20	e753de7a-86f0-48f1-b860-bb57453bf856	GET	/user	http://localhost:3000
20240911	23:44:25	4a0b9abf-e35d-4028-bd27-7adbd2eb636b	DELETE	/user/76dc74c24f29bb4eaf457345	http://localhost:3000
20240911	23:44:25	d68d33a5-94d6-4180-98a2-829c8767ef22	GET	/user	http://localhost:3000
20240911	23:44:27	a7362cee-cab4-4438-a7b6-a67374cf48b2	DELETE	/user/66b2630fd33c58494befb555	http://localhost:3000
20240911	23:44:27	8c1f6cfc-8fee-4939-b1aa-093c21b75caf	GET	/user	http://localhost:3000
20240911	23:44:29	4c06cab3-2e8d-4399-94f2-b381d2e35746	DELETE	/user/66dc74c24f29bb4eaf457345	http://localhost:3000
20240911	23:44:29	b5713933-bb85-4e19-8c83-67e51358dc88	GET	/user	http://localhost:3000
20240911	23:44:31	0daf683d-e0df-4521-9b6c-3dfe11f9cdb8	DELETE	/user/66df03f73d78e47d69009a5e	http://localhost:3000
20240911	23:44:31	c8ddec92-7b7f-4a1a-8a53-1c2a76db72d8	GET	/user	http://localhost:3000
20240911	23:44:52	6277fdac-60b6-426a-be53-0c7b51888da0	POST	/user/login	http://localhost:3000
20240911	23:44:53	695d905a-da1e-4c4b-a1a0-c8929a24789e	POST	/admin/login	http://localhost:3000
